AppsUsageMonitorAPI-master/app/build/intermediates/manifest_merge_blame_file/debug/manifest-merger-blame-debug-report.txt
1<?xml version="1.0" encoding="utf-8"?>
2<manifest xmlns:android="http://schemas.android.com/apk/res/android"
3    package="com.example.appusage"
4    android:versionCode="1"
5    android:versionName="1.0" >
6
7    <uses-sdk
8        android:minSdkVersion="21"
8-->src\main\AndroidManifest.xml
9        android:targetSdkVersion="28" />
9-->src\main\AndroidManifest.xml
10
11    <uses-permission android:name="android.permission.PACKAGE_USAGE_STATS" />
11-->src\main\AndroidManifest.xml:6:5-8:47
11-->src\main\AndroidManifest.xml:7:9-62
12    <uses-permission android:name="android.permission.READ_PHONE_STATE" />
12-->[the.bot.box:appusagemonitor:2.1.0] AndroidManifest.xml:9:5-75
12-->[the.bot.box:appusagemonitor:2.1.0] AndroidManifest.xml:9:22-72
13
14    <application
14-->src\main\AndroidManifest.xml:10:5-28:19
15        android:allowBackup="true"
15-->src\main\AndroidManifest.xml:11:9-35
16        android:appComponentFactory="androidx.core.app.CoreComponentFactory"
16-->[androidx.core:core:1.1.0] AndroidManifest.xml:24:18-86
17        android:debuggable="true"
18        android:icon="@mipmap/ic_launcher"
18-->src\main\AndroidManifest.xml:12:9-43
19        android:label="@string/app_name"
19-->src\main\AndroidManifest.xml:13:9-41
20        android:roundIcon="@mipmap/ic_launcher_round"
20-->src\main\AndroidManifest.xml:14:9-54
21        android:supportsRtl="true"
21-->src\main\AndroidManifest.xml:15:9-35
22        android:testOnly="true"
23        android:theme="@style/AppTheme" >
23-->src\main\AndroidManifest.xml:16:9-40
24        <activity android:name="com.example.appusage.activity.MainActivity" >
24-->src\main\AndroidManifest.xml:18:9-24:20
24-->src\main\AndroidManifest.xml:18:19-56
25            <intent-filter>
25-->src\main\AndroidManifest.xml:19:13-23:29
26                <action android:name="android.intent.action.MAIN" />
26-->src\main\AndroidManifest.xml:20:17-69
26-->src\main\AndroidManifest.xml:20:25-66
27
28                <category android:name="android.intent.category.LAUNCHER" />
28-->src\main\AndroidManifest.xml:22:17-77
28-->src\main\AndroidManifest.xml:22:27-74
29            </intent-filter>
30        </activity>
31        <activity
31-->src\main\AndroidManifest.xml:25:9-27:52
32            android:name="com.example.appusage.activity.DetailActivity"
32-->src\main\AndroidManifest.xml:26:13-52
33            android:screenOrientation="portrait" />
33-->src\main\AndroidManifest.xml:27:13-49
34
35        <provider
35-->[com.squareup.picasso:picasso:2.71828] AndroidManifest.xml:8:9-11:40
36            android:name="com.squareup.picasso.PicassoProvider"
36-->[com.squareup.picasso:picasso:2.71828] AndroidManifest.xml:9:13-64
37            android:authorities="com.example.appusage.com.squareup.picasso"
37-->[com.squareup.picasso:picasso:2.71828] AndroidManifest.xml:10:13-72
38            android:exported="false" />
38-->[com.squareup.picasso:picasso:2.71828] AndroidManifest.xml:11:13-37
39        <provider
39-->[the.bot.box:appusagemonitor:2.1.0] AndroidManifest.xml:12:9-14:71
40            android:name="bot.box.appusage.provider.AppUsageProvider"
40-->[the.bot.box:appusagemonitor:2.1.0] AndroidManifest.xml:13:13-70
41            android:authorities="com.example.appusage.AppUsageProvider" />
41-->[the.bot.box:appusagemonitor:2.1.0] AndroidManifest.xml:14:13-68
42    </application>
43
44</manifest>